\BOOKMARK [0][-]{chapter.1}{概论}{}% 1
\BOOKMARK [1][-]{section.1.1}{移动通信特点}{chapter.1}% 2
\BOOKMARK [2][-]{subsection.1.1.1}{什么是移动通信?}{section.1.1}% 3
\BOOKMARK [2][-]{subsection.1.1.2}{移动通信特点}{section.1.1}% 4
\BOOKMARK [1][-]{section.1.2}{常用移动通信系统}{chapter.1}% 5
\BOOKMARK [1][-]{section.1.3}{移动通信系统发展}{chapter.1}% 6
\BOOKMARK [2][-]{subsection.1.3.1}{各代通信系统特点}{section.1.3}% 7
\BOOKMARK [1][-]{section.1.4}{移动通信基本技术}{chapter.1}% 8
\BOOKMARK [1][-]{section.1.5}{蜂窝移动通信的组网技术}{chapter.1}% 9
\BOOKMARK [2][-]{subsection.1.5.1}{多址接入}{section.1.5}% 10
\BOOKMARK [2][-]{subsection.1.5.2}{工作方式}{section.1.5}% 11
\BOOKMARK [2][-]{subsection.1.5.3}{频率复用和蜂窝小区}{section.1.5}% 12
\BOOKMARK [2][-]{subsection.1.5.4}{多信道共用技术}{section.1.5}% 13
\BOOKMARK [2][-]{subsection.1.5.5}{网络结构}{section.1.5}% 14
\BOOKMARK [2][-]{subsection.1.5.6}{网络的控制与管理}{section.1.5}% 15
\BOOKMARK [0][-]{chapter.2}{移动信道的传播特性于模型}{}% 16
\BOOKMARK [1][-]{section.2.1}{无线电波传播方式 }{chapter.2}% 17
\BOOKMARK [2][-]{subsection.2.1.1}{直射波}{section.2.1}% 18
\BOOKMARK [2][-]{subsection.2.1.2}{反射波}{section.2.1}% 19
\BOOKMARK [2][-]{subsection.2.1.3}{绕射波}{section.2.1}% 20
\BOOKMARK [2][-]{subsection.2.1.4}{散射}{section.2.1}% 21
\BOOKMARK [2][-]{subsection.2.1.5}{反射、绕射和散射的关系}{section.2.1}% 22
