\BOOKMARK [1][-]{section.1}{排队论基础}{}% 1
\BOOKMARK [1][-]{section.2}{排队论的概念}{}% 2
\BOOKMARK [2][-]{subsection.2.1}{基本概念}{section.2}% 3
\BOOKMARK [3][-]{subsubsection.2.1.1}{三个参数}{subsection.2.1}% 4
\BOOKMARK [3][-]{subsubsection.2.1.2}{一般性质}{subsection.2.1}% 5
\BOOKMARK [3][-]{subsubsection.2.1.3}{到达时间分布}{subsection.2.1}% 6
\BOOKMARK [3][-]{subsubsection.2.1.4}{服务时间分布}{subsection.2.1}% 7
\BOOKMARK [3][-]{subsubsection.2.1.5}{排队系统表示方式}{subsection.2.1}% 8
\BOOKMARK [3][-]{subsubsection.2.1.6}{常见几种分布}{subsection.2.1}% 9
\BOOKMARK [2][-]{subsection.2.2}{系统的工作方式}{section.2}% 10
\BOOKMARK [3][-]{subsubsection.2.2.1}{排队规则}{subsection.2.2}% 11
\BOOKMARK [3][-]{subsubsection.2.2.2}{服务规则}{subsection.2.2}% 12
\BOOKMARK [2][-]{subsection.2.3}{主要性能指标}{section.2}% 13
\BOOKMARK [2][-]{subsection.2.4}{M|M|1问题}{section.2}% 14
\BOOKMARK [3][-]{subsubsection.2.4.1}{M|M|1 参数求解}{subsection.2.4}% 15
\BOOKMARK [3][-]{subsubsection.2.4.2}{M|M|1 闲期和忙期}{subsection.2.4}% 16
\BOOKMARK [3][-]{subsubsection.2.4.3}{通信网中的排队论计算}{subsection.2.4}% 17
\BOOKMARK [2][-]{subsection.2.5}{M|M|m\(n\)}{section.2}% 18
\BOOKMARK [3][-]{subsubsection.2.5.1}{业务量和呼叫量}{subsection.2.5}% 19
\BOOKMARK [1][-]{section.3}{通信网络的业务模型与分析}{}% 20
\BOOKMARK [2][-]{subsection.3.1}{阻塞率和呼损率}{section.3}% 21
\BOOKMARK [3][-]{subsubsection.3.1.1}{时间阻塞率}{subsection.3.1}% 22
\BOOKMARK [3][-]{subsubsection.3.1.2}{呼叫阻塞率}{subsection.3.1}% 23
\BOOKMARK [2][-]{subsection.3.2}{用户数为有限制N的准随机呼叫}{section.3}% 24
\BOOKMARK [2][-]{subsection.3.3}{业务分析}{section.3}% 25
\BOOKMARK [3][-]{subsubsection.3.3.1}{即时拒绝系统}{subsection.3.3}% 26
\BOOKMARK [3][-]{subsubsection.3.3.2}{主备线即时拒绝系统}{subsection.3.3}% 27
\BOOKMARK [3][-]{subsubsection.3.3.3}{公用备线即时拒绝系统}{subsection.3.3}% 28
\BOOKMARK [3][-]{subsubsection.3.3.4}{优先制排队系统}{subsection.3.3}% 29
