This is XeTeX, Version 3.14159265-2.6-0.99998 (TeX Live 2017/W32TeX) (preloaded format=xelatex 2018.4.22)  6 JUL 2018 19:57
entering extended mode
 restricted \write18 enabled.
 %&-line parsing enabled.
**./chater7.tex
(./chater7.tex
LaTeX2e <2017-04-15>
Babel <3.10> and hyphenation patterns for 84 language(s) loaded.
! Undefined control sequence.
l.1 \chapter
            {è™šæ‹Ÿä¸“ç”¨ç½‘}
The control sequence at the end of the top line
of your error message was never \def'ed. If you have
misspelled it (e.g., `\hobx'), type `I' and the correct
spelling (e.g., `I\hbox'). Otherwise just continue,
and I'll forget about whatever was undefined.


! LaTeX Error: Missing \begin{document}.

See the LaTeX manual or LaTeX Companion for explanation.
Type  H <return>  for immediate help.
 ...                                              
                                                  
l.1 \chapter{è™š
                æ‹Ÿä¸“ç”¨ç½‘}
You're in trouble here.  Try typing  <return>  to proceed.
If that doesn't work, type  X <return>  to quit.

Missing character: There is no è™š in font nullfont!
Missing character: There is no æ‹Ÿ in font nullfont!
Missing character: There is no ä¸“ in font nullfont!
Missing character: There is no ç”¨ in font nullfont!
Missing character: There is no ç½‘ in font nullfont!
! Undefined control sequence.
l.2 \question
             {ä»€ä¹ˆæ˜¯VPN}
The control sequence at the end of the top line
of your error message was never \def'ed. If you have
misspelled it (e.g., `\hobx'), type `I' and the correct
spelling (e.g., `I\hbox'). Otherwise just continue,
and I'll forget about whatever was undefined.

Missing character: There is no ä»€ in font nullfont!
Missing character: There is no ä¹ˆ in font nullfont!
Missing character: There is no æ˜¯ in font nullfont!
Missing character: There is no V in font nullfont!
Missing character: There is no P in font nullfont!
Missing character: There is no N in font nullfont!
Missing character: There is no V in font nullfont!
Missing character: There is no P in font nullfont!
Missing character: There is no N in font nullfont!
Missing character: There is no æ˜¯ in font nullfont!
Missing character: There is no ä¸€ in font nullfont!
Missing character: There is no ç§ in font nullfont!
Missing character: There is no ä¾ in font nullfont!
Missing character: There is no é  in font nullfont!
Missing character: There is no äº’ in font nullfont!
Missing character: There is no è” in font nullfont!
Missing character: There is no ç½‘ in font nullfont!
Missing character: There is no æœ in font nullfont!
Missing character: There is no åŠ¡ in font nullfont!
Missing character: There is no æ in font nullfont!
Missing character: There is no ä¾› in font nullfont!
Missing character: There is no å•† in font nullfont!
Missing character: There is no å’Œ in font nullfont!
Missing character: There is no å…¶ in font nullfont!
Missing character: There is no ä»– in font nullfont!
Missing character: There is no ç½‘ in font nullfont!
Missing character: There is no ç»œ in font nullfont!
Missing character: There is no æœ in font nullfont!
Missing character: There is no åŠ¡ in font nullfont!
Missing character: There is no æ in font nullfont!
Missing character: There is no ä¾› in font nullfont!
Missing character: There is no å•† in font nullfont!
Missing character: There is no åœ¨ in font [lmroman10-bold]:mapping=tex-text;!
Missing character: There is no å…¬ in font [lmroman10-bold]:mapping=tex-text;!
Missing character: There is no å…± in font [lmroman10-bold]:mapping=tex-text;!
Missing character: There is no ç½‘ in font [lmroman10-bold]:mapping=tex-text;!
Missing character: There is no ç»œ in font [lmroman10-bold]:mapping=tex-text;!
Missing character: There is no ä¸­ in font [lmroman10-bold]:mapping=tex-text;!
Missing character: There is no å»º in font [lmroman10-bold]:mapping=tex-text;!
Missing character: There is no ç«‹ in font [lmroman10-bold]:mapping=tex-text;!
Missing character: There is no ä¸“ in font [lmroman10-bold]:mapping=tex-text;!
Missing character: There is no ç”¨ in font [lmroman10-bold]:mapping=tex-text;!
Missing character: There is no çš„ in font [lmroman10-bold]:mapping=tex-text;!
Missing character: There is no æ•° in font [lmroman10-bold]:mapping=tex-text;!
Missing character: There is no æ® in font [lmroman10-bold]:mapping=tex-text;!
Missing character: There is no é€š in font [lmroman10-bold]:mapping=tex-text;!
Missing character: There is no ä¿¡ in font [lmroman10-bold]:mapping=tex-text;!
Missing character: There is no ç½‘ in font [lmroman10-bold]:mapping=tex-text;!
Missing character: There is no ç»œ in font [lmroman10-bold]:mapping=tex-text;!
Missing character: There is no çš„ in font [lmroman10-bold]:mapping=tex-text;!
Missing character: There is no æŠ€ in font [lmroman10-bold]:mapping=tex-text;!
Missing character: There is no æœ¯ in font [lmroman10-bold]:mapping=tex-text;!

Overfull \hbox (20.0pt too wide) in paragraph at lines 1--4
[]
 []


Overfull \hbox (56.0pt too wide) in paragraph at lines 1--4
\TU/lmr/bx/n/10 åœ¨å…¬å…±ç½‘ç»œä¸­å»ºç«‹ä¸“ç”¨çš„æ•°æ®é€šä¿¡ç½‘ç»œçš„æŠ€æœ¯ 
 []

Missing character: There is no å®ƒ in font nullfont!
Missing character: There is no æ˜¯ in font nullfont!
Missing character: There is no è™š in font nullfont!
Missing character: There is no æ‹Ÿ in font nullfont!
Missing character: There is no çš„ in font nullfont!
Missing character: There is no ç½‘ in font nullfont!
Missing character: There is no ï¼Œ in font nullfont!
Missing character: There is no å³ in font nullfont!
Missing character: There is no æ²¡ in font nullfont!
Missing character: There is no æœ‰ in font nullfont!
Missing character: There is no å›º in font nullfont!
Missing character: There is no å®š in font nullfont!
Missing character: There is no çš„ in font nullfont!
Missing character: There is no ç‰© in font nullfont!
Missing character: There is no ç† in font nullfont!
Missing character: There is no è¿ in font nullfont!
Missing character: There is no æ¥ in font nullfont!
Missing character: There is no ï¼Œ in font nullfont!
Missing character: There is no ç½‘ in font nullfont!
Missing character: There is no ç»œ in font nullfont!
Missing character: There is no åª in font nullfont!
Missing character: There is no æœ‰ in font nullfont!
Missing character: There is no ç”¨ in font nullfont!
Missing character: There is no æˆ· in font nullfont!
Missing character: There is no éœ€ in font nullfont!
Missing character: There is no è¦ in font nullfont!
Missing character: There is no æ—¶ in font nullfont!
Missing character: There is no æ‰ in font nullfont!
Missing character: There is no å»º in font nullfont!
Missing character: There is no ç«‹ in font nullfont!
Missing character: There is no ä»– in font nullfont!
Missing character: There is no æ˜¯ in font nullfont!
Missing character: There is no åˆ© in font nullfont!
Missing character: There is no ç”¨ in font nullfont!
Missing character: There is no å…¬ in font nullfont!
Missing character: There is no å…± in font nullfont!
Missing character: There is no ç½‘ in font nullfont!
Missing character: There is no ç»œ in font nullfont!
Missing character: There is no è®¾ in font nullfont!
Missing character: There is no æ–½ in font nullfont!
Missing character: There is no æ„ in font nullfont!
Missing character: There is no æˆ in font nullfont!
Missing character: There is no çš„ in font nullfont!
Missing character: There is no ä¸“ in font nullfont!
Missing character: There is no ç”¨ in font nullfont!
! Undefined control sequence.
l.9 \question
             {VPNçš„å…³é”®æŠ€æœ¯}ï¼Œé€šè¿‡å„ç§æŠ€æœ¯æ»¡è¶³é€šä¿¡å®‰å…¨ï¼Œå...
The control sequence at the end of the top line
of your error message was never \def'ed. If you have
misspelled it (e.g., `\hobx'), type `I' and the correct
spelling (e.g., `I\hbox'). Otherwise just continue,
and I'll forget about whatever was undefined.

Missing character: There is no V in font nullfont!
Missing character: There is no P in font nullfont!
Missing character: There is no N in font nullfont!
Missing character: There is no çš„ in font nullfont!
Missing character: There is no å…³ in font nullfont!
Missing character: There is no é”® in font nullfont!
Missing character: There is no æŠ€ in font nullfont!
Missing character: There is no æœ¯ in font nullfont!
Missing character: There is no ï¼Œ in font nullfont!
Missing character: There is no é€š in font nullfont!
Missing character: There is no è¿‡ in font nullfont!
Missing character: There is no å„ in font nullfont!
Missing character: There is no ç§ in font nullfont!
Missing character: There is no æŠ€ in font nullfont!
Missing character: There is no æœ¯ in font nullfont!
Missing character: There is no æ»¡ in font nullfont!
Missing character: There is no è¶³ in font nullfont!
Missing character: There is no é€š in font nullfont!
Missing character: There is no ä¿¡ in font nullfont!
Missing character: There is no å®‰ in font nullfont!
Missing character: There is no å…¨ in font nullfont!
Missing character: There is no ï¼Œ in font nullfont!
Missing character: There is no å® in font nullfont!
Missing character: There is no ç° in font nullfont!
Missing character: There is no èº« in font [lmroman10-bold]:mapping=tex-text;!
Missing character: There is no ä»½ in font [lmroman10-bold]:mapping=tex-text;!
Missing character: There is no è®¤ in font [lmroman10-bold]:mapping=tex-text;!
Missing character: There is no è¯ in font [lmroman10-bold]:mapping=tex-text;!
Missing character: There is no ã€ in font [lmroman10-bold]:mapping=tex-text;!
Missing character: There is no æ•° in font [lmroman10-bold]:mapping=tex-text;!
Missing character: There is no æ® in font [lmroman10-bold]:mapping=tex-text;!
Missing character: There is no ä¿ in font [lmroman10-bold]:mapping=tex-text;!
Missing character: There is no å¯† in font [lmroman10-bold]:mapping=tex-text;!
Missing character: There is no æ€§ in font [lmroman10-bold]:mapping=tex-text;!
Missing character: There is no ã€ in font [lmroman10-bold]:mapping=tex-text;!
Missing character: There is no æ•° in font [lmroman10-bold]:mapping=tex-text;!
Missing character: There is no æ® in font [lmroman10-bold]:mapping=tex-text;!
Missing character: There is no å®Œ in font [lmroman10-bold]:mapping=tex-text;!
Missing character: There is no æ•´ in font [lmroman10-bold]:mapping=tex-text;!
Missing character: There is no æ€§ in font [lmroman10-bold]:mapping=tex-text;!

Overfull \hbox (64.8pt too wide) in paragraph at lines 9--10
[]\TU/lmr/bx/n/10 èº«ä»½è®¤è¯ã€æ•°æ®ä¿å¯†æ€§ã€æ•°æ®å®Œæ•´æ€§ 
 []

Missing character: There is no éš§ in font nullfont!
Missing character: There is no é“ in font nullfont!
Missing character: There is no æŠ€ in font nullfont!
Missing character: There is no æœ¯ in font nullfont!
Missing character: There is no ï¼Œ in font nullfont!
Missing character: There is no å°† in font nullfont!
Missing character: There is no ä¸€ in font nullfont!
Missing character: There is no ç§ in font nullfont!
Missing character: There is no å in font nullfont!
Missing character: There is no è®® in font nullfont!
Missing character: There is no å° in font nullfont!
Missing character: There is no è£… in font nullfont!
Missing character: There is no åœ¨ in font nullfont!
Missing character: There is no å¦ in font nullfont!
Missing character: There is no ä¸€ in font nullfont!
Missing character: There is no ç§ in font nullfont!
Missing character: There is no å in font nullfont!
Missing character: There is no è®® in font nullfont!
Missing character: There is no ä¸­ in font nullfont!
Missing character: There is no ä¼  in font nullfont!
Missing character: There is no è¾“ in font nullfont!
Missing character: There is no ï¼Œ in font nullfont!
Missing character: There is no ä» in font nullfont!
Missing character: There is no è€Œ in font nullfont!
Missing character: There is no å® in font nullfont!
Missing character: There is no ç° in font nullfont!
Missing character: There is no å in font nullfont!
Missing character: There is no è®® in font nullfont!
Missing character: There is no å¯¹ in font nullfont!
Missing character: There is no å…¬ in font nullfont!
Missing character: There is no å…± in font nullfont!
Missing character: There is no ç½‘ in font nullfont!
Missing character: There is no ç»œ in font nullfont!
Missing character: There is no çš„ in font nullfont!
Missing character: There is no é€ in font nullfont!
Missing character: There is no æ˜ in font nullfont!
Missing character: There is no æ€§ in font nullfont!
Missing character: There is no åŠ  in font nullfont!
Missing character: There is no å¯† in font nullfont!
Missing character: There is no æŠ€ in font nullfont!
Missing character: There is no æœ¯ in font nullfont!
Missing character: There is no ï¼Œ in font nullfont!
Missing character: There is no éš in font nullfont!
Missing character: There is no è— in font nullfont!
Missing character: There is no ä¼  in font nullfont!
Missing character: There is no è¾“ in font nullfont!
Missing character: There is no ä¿¡ in font nullfont!
Missing character: There is no æ¯ in font nullfont!
Missing character: There is no çš„ in font nullfont!
Missing character: There is no çœŸ in font nullfont!
Missing character: There is no å® in font nullfont!
Missing character: There is no å†… in font nullfont!
Missing character: There is no å®¹ in font nullfont!
Missing character: There is no å¯† in font nullfont!
Missing character: There is no é’¥ in font nullfont!
Missing character: There is no ç®¡ in font nullfont!
Missing character: There is no ç† in font nullfont!
Missing character: There is no æŠ€ in font nullfont!
Missing character: There is no æœ¯ in font nullfont!
Missing character: There is no ï¼Œ in font nullfont!
Missing character: There is no ç¡® in font nullfont!
Missing character: There is no ä¿ in font nullfont!
Missing character: There is no åœ¨ in font nullfont!
Missing character: There is no å…¬ in font nullfont!
Missing character: There is no ç½‘ in font nullfont!
Missing character: There is no æ•° in font nullfont!
Missing character: There is no æ® in font nullfont!
Missing character: There is no ç½‘ in font nullfont!
Missing character: There is no ä¸Š in font nullfont!
Missing character: There is no å®‰ in font nullfont!
Missing character: There is no å…¨ in font nullfont!
Missing character: There is no åœ° in font nullfont!
Missing character: There is no ä¼  in font nullfont!
Missing character: There is no é€’ in font nullfont!
Missing character: There is no å¯† in font nullfont!
Missing character: There is no é’¥ in font nullfont!
Missing character: There is no è€Œ in font nullfont!
Missing character: There is no ä¸ in font nullfont!
Missing character: There is no è¢« in font nullfont!
Missing character: There is no çªƒ in font nullfont!
Missing character: There is no å– in font nullfont!
Missing character: There is no ã€‚ in font nullfont!
Missing character: There is no æ‰‹ in font nullfont!
Missing character: There is no å·¥ in font nullfont!
Missing character: There is no é… in font nullfont!
Missing character: There is no ç½® in font nullfont!
Missing character: There is no ï¼Œ in font nullfont!
Missing character: There is no å° in font nullfont!
Missing character: There is no ç½‘ in font nullfont!
Missing character: There is no ï¼Œ in font nullfont!
Missing character: There is no æ›´ in font nullfont!
Missing character: There is no æ–° in font nullfont!
Missing character: There is no ä¸ in font nullfont!
Missing character: There is no å¿« in font nullfont!
Missing character: There is no å¯† in font nullfont!
Missing character: There is no é’¥ in font nullfont!
Missing character: There is no äº¤ in font nullfont!
Missing character: There is no æ¢ in font nullfont!
Missing character: There is no æ­‡ in font nullfont!
Missing character: There is no æ¯ in font nullfont!
Missing character: There is no åŠ¨ in font nullfont!
Missing character: There is no æ€ in font nullfont!
Missing character: There is no åˆ† in font nullfont!
Missing character: There is no å‘ in font nullfont!
Missing character: There is no ï¼Œ in font nullfont!
Missing character: There is no é€‚ in font nullfont!
Missing character: There is no åˆ in font nullfont!
Missing character: There is no å¤ in font nullfont!
Missing character: There is no æ‚ in font nullfont!
Missing character: There is no ç½‘ in font nullfont!
Missing character: There is no ï¼Œ in font nullfont!
Missing character: There is no å¿« in font nullfont!
Missing character: There is no é€Ÿ in font nullfont!
Missing character: There is no æ›´ in font nullfont!
Missing character: There is no æ–° in font nullfont!
Missing character: There is no ã€‚ in font nullfont!
Missing character: There is no éœ€ in font nullfont!
Missing character: There is no è¦ in font nullfont!
Missing character: There is no P in font nullfont!
Missing character: There is no K in font nullfont!
Missing character: There is no I in font nullfont!
Missing character: There is no ã€‚ in font nullfont!
Missing character: There is no - in font nullfont!
Missing character: There is no ç”¨ in font nullfont!
Missing character: There is no æˆ· in font nullfont!
Missing character: There is no è®¤ in font nullfont!
Missing character: There is no è¯ in font nullfont!
Missing character: There is no æŠ€ in font nullfont!
Missing character: There is no æœ¯ in font nullfont!
Missing character: There is no ä»² in font nullfont!
Missing character: There is no è£ in font nullfont!
Missing character: There is no è®¤ in font nullfont!
Missing character: There is no è¯ in font nullfont!
Missing character: There is no å…± in font nullfont!
Missing character: There is no äº« in font nullfont!
Missing character: There is no è®¤ in font nullfont!
Missing character: There is no è¯ in font nullfont!
! Undefined control sequence.
l.25 \question
              {éš§é“åè®®}ï¼Œæ ¹æ®åè®®æ‰€å¤„çš„ç½‘ç»œå±‚æ¬¡ï¼Œå¯åˆ†ä¸º...
The control sequence at the end of the top line
of your error message was never \def'ed. If you have
misspelled it (e.g., `\hobx'), type `I' and the correct
spelling (e.g., `I\hbox'). Otherwise just continue,
and I'll forget about whatever was undefined.

Missing character: There is no éš§ in font nullfont!
Missing character: There is no é“ in font nullfont!
Missing character: There is no å in font nullfont!
Missing character: There is no è®® in font nullfont!
Missing character: There is no ï¼Œ in font nullfont!
Missing character: There is no æ ¹ in font nullfont!
Missing character: There is no æ® in font nullfont!
Missing character: There is no å in font nullfont!
Missing character: There is no è®® in font nullfont!
Missing character: There is no æ‰€ in font nullfont!
Missing character: There is no å¤„ in font nullfont!
Missing character: There is no çš„ in font nullfont!
Missing character: There is no ç½‘ in font nullfont!
Missing character: There is no ç»œ in font nullfont!
Missing character: There is no å±‚ in font nullfont!
Missing character: There is no æ¬¡ in font nullfont!
Missing character: There is no ï¼Œ in font nullfont!
Missing character: There is no å¯ in font nullfont!
Missing character: There is no åˆ† in font nullfont!
Missing character: There is no ä¸º in font nullfont!
Missing character: There is no ç¬¬ in font nullfont!
Missing character: There is no äºŒ in font nullfont!
Missing character: There is no å±‚ in font nullfont!
Missing character: There is no éš§ in font nullfont!
Missing character: There is no é“ in font nullfont!
Missing character: There is no å in font nullfont!
Missing character: There is no è®® in font nullfont!
Missing character: There is no å’Œ in font nullfont!
Missing character: There is no ç¬¬ in font nullfont!
Missing character: There is no ä¸‰ in font nullfont!
Missing character: There is no å±‚ in font nullfont!
Missing character: There is no éš§ in font nullfont!
Missing character: There is no é“ in font nullfont!
Missing character: There is no å in font nullfont!
Missing character: There is no è®® in font nullfont!
Missing character: There is no ã€‚ in font nullfont!

Overfull \hbox (20.0pt too wide) in paragraph at lines 25--26
[] 
 []

Missing character: There is no ç¬¬ in font nullfont!
Missing character: There is no äºŒ in font nullfont!
Missing character: There is no å±‚ in font nullfont!
Missing character: There is no éš§ in font nullfont!
Missing character: There is no é“ in font nullfont!
Missing character: There is no å in font nullfont!
Missing character: There is no è®® in font nullfont!
Missing character: There is no ï¼Œ in font nullfont!
Missing character: There is no å·¥ in font nullfont!
Missing character: There is no ä½œ in font nullfont!
Missing character: There is no åœ¨ in font nullfont!
Missing character: There is no æ•° in font nullfont!
Missing character: There is no æ® in font nullfont!
Missing character: There is no é“¾ in font nullfont!
Missing character: There is no è·¯ in font nullfont!
Missing character: There is no å±‚ in font nullfont!
Missing character: There is no ï¼Œ in font nullfont!
Missing character: There is no å§ in font nullfont!
Missing character: There is no é¾š in font nullfont!
Missing character: There is no æ€» in font nullfont!
Missing character: There is no ç½‘ in font nullfont!
Missing character: There is no ç»œ in font nullfont!
Missing character: There is no å in font nullfont!
Missing character: There is no è®® in font nullfont!
Missing character: There is no å…ˆ in font nullfont!
Missing character: There is no å° in font nullfont!
Missing character: There is no è£… in font nullfont!
Missing character: There is no åˆ° in font nullfont!
Missing character: There is no ç‚¹ in font nullfont!
Missing character: There is no å¯¹ in font nullfont!
Missing character: There is no ç‚¹ in font nullfont!
Missing character: There is no å in font nullfont!
Missing character: There is no è®® in font nullfont!
Missing character: There is no ä¸­ in font nullfont!
Missing character: There is no ( in font nullfont!
Missing character: There is no P in font nullfont!
Missing character: There is no P in font nullfont!
Missing character: There is no P in font nullfont!
Missing character: There is no ) in font nullfont!
Missing character: There is no ï¼Œ in font nullfont!
Missing character: There is no ç„¶ in font nullfont!
Missing character: There is no å in font nullfont!
Missing character: There is no è¿› in font nullfont!
Missing character: There is no è¡Œ in font nullfont!
Missing character: There is no éš§ in font nullfont!
Missing character: There is no é“ in font nullfont!
Missing character: There is no å in font nullfont!
Missing character: There is no è®® in font nullfont!
Missing character: There is no çš„ in font nullfont!
Missing character: There is no å° in font nullfont!
Missing character: There is no è£… in font nullfont!
Missing character: There is no ï¼Œ in font nullfont!
Missing character: There is no åœ¨ in font nullfont!
Missing character: There is no é€š in font nullfont!
Missing character: There is no è¿‡ in font nullfont!
Missing character: There is no æ•° in font nullfont!
Missing character: There is no æ® in font nullfont!
Missing character: There is no é“¾ in font nullfont!
Missing character: There is no è·¯ in font nullfont!
Missing character: There is no å±‚ in font nullfont!
Missing character: There is no è¿› in font nullfont!
Missing character: There is no è¡Œ in font nullfont!
Missing character: There is no ä¼  in font nullfont!
Missing character: There is no è¾“ in font nullfont!
Missing character: There is no ã€‚ in font nullfont!
Missing character: There is no P in font nullfont!
Missing character: There is no P in font nullfont!
Missing character: There is no T in font nullfont!
Missing character: There is no P in font nullfont!
Missing character: There is no ï¼Œ in font nullfont!
Missing character: There is no ç‚¹ in font nullfont!
Missing character: There is no å¯¹ in font nullfont!
Missing character: There is no ç‚¹ in font nullfont!
Missing character: There is no éš§ in font nullfont!
Missing character: There is no é“ in font nullfont!
Missing character: There is no å in font nullfont!
Missing character: There is no è®® in font nullfont!
Missing character: There is no ã€‚ in font nullfont!
Missing character: There is no L in font nullfont!
Missing character: There is no 2 in font nullfont!
Missing character: There is no F in font nullfont!
Missing character: There is no P in font nullfont!
Missing character: There is no ï¼Œ in font nullfont!
Missing character: There is no ç¬¬ in font nullfont!
Missing character: There is no äºŒ in font nullfont!
Missing character: There is no å±‚ in font nullfont!
Missing character: There is no è½¬ in font nullfont!
Missing character: There is no å‘ in font nullfont!
Missing character: There is no å in font nullfont!
Missing character: There is no è®® in font nullfont!
Missing character: There is no L in font nullfont!
Missing character: There is no 2 in font nullfont!
Missing character: There is no T in font nullfont!
Missing character: There is no P in font nullfont!
Missing character: There is no ï¼Œ in font nullfont!
Missing character: There is no ç¬¬ in font nullfont!
Missing character: There is no äºŒ in font nullfont!
Missing character: There is no å±‚ in font nullfont!
Missing character: There is no éš§ in font nullfont!
Missing character: There is no é“ in font nullfont!
Missing character: There is no å in font nullfont!
Missing character: There is no è®® in font nullfont!
Missing character: There is no M in font nullfont!
Missing character: There is no P in font nullfont!
Missing character: There is no L in font nullfont!
Missing character: There is no S in font nullfont!
Missing character: There is no ï¼Œ in font nullfont!
Missing character: There is no å¤š in font nullfont!
Missing character: There is no å in font nullfont!
Missing character: There is no è®® in font nullfont!
Missing character: There is no æ ‡ in font nullfont!
Missing character: There is no è®° in font nullfont!
Missing character: There is no äº¤ in font nullfont!
Missing character: There is no æ¢ in font nullfont!
Missing character: There is no ç¬¬ in font nullfont!
Missing character: There is no ä¸‰ in font nullfont!
Missing character: There is no å±‚ in font nullfont!
Missing character: There is no éš§ in font nullfont!
Missing character: There is no é“ in font nullfont!
Missing character: There is no å in font nullfont!
Missing character: There is no è®® in font nullfont!
Missing character: There is no ï¼Œ in font nullfont!
Missing character: There is no å·¥ in font nullfont!
Missing character: There is no ä½œ in font nullfont!
Missing character: There is no åœ¨ in font nullfont!
Missing character: There is no ç½‘ in font nullfont!
Missing character: There is no ç»œ in font nullfont!
Missing character: There is no å±‚ in font nullfont!
Missing character: There is no G in font nullfont!
Missing character: There is no R in font nullfont!
Missing character: There is no E in font nullfont!
Missing character: There is no , in font nullfont!
Missing character: There is no é€š in font nullfont!
Missing character: There is no ç”¨ in font nullfont!
Missing character: There is no è·¯ in font nullfont!
Missing character: There is no ç”± in font nullfont!
Missing character: There is no å in font nullfont!
Missing character: There is no è®® in font nullfont!
Missing character: There is no å° in font nullfont!
Missing character: There is no è£… in font nullfont!
Missing character: There is no ï¼Œ in font nullfont!
Missing character: There is no ä¸» in font nullfont!
Missing character: There is no è¦ in font nullfont!
Missing character: There is no è§„ in font nullfont!
Missing character: There is no å®š in font nullfont!
Missing character: There is no å¦‚ in font nullfont!
Missing character: There is no ä½• in font nullfont!
Missing character: There is no ç”¨ in font nullfont!
Missing character: There is no ä¸€ in font nullfont!
Missing character: There is no ç§ in font nullfont!
Missing character: There is no ç½‘ in font nullfont!
Missing character: There is no ç»œ in font nullfont!
Missing character: There is no å±‚ in font nullfont!
Missing character: There is no å in font nullfont!
Missing character: There is no è®® in font nullfont!
Missing character: There is no å» in font nullfont!
Missing character: There is no å° in font nullfont!
Missing character: There is no è£… in font nullfont!
Missing character: There is no å¦ in font nullfont!
Missing character: There is no ä¸€ in font nullfont!
Missing character: There is no ç§ in font nullfont!
Missing character: There is no ç½‘ in font nullfont!
Missing character: There is no ç»œ in font nullfont!
Missing character: There is no å±‚ in font nullfont!
Missing character: There is no å in font nullfont!
Missing character: There is no è®® in font nullfont!
Missing character: There is no ï¼Œ in font nullfont!
Missing character: There is no æœª in font nullfont!
)
! Emergency stop.
<*> ./chater7.tex
                 
*** (job aborted, no legal \end found)

 
Here is how much of TeX's memory you used:
 13 strings out of 493005
 174 string characters out of 6137956
 63634 words of memory out of 5000000
 4084 multiletter control sequences out of 15000+600000
 3648 words of font info for 15 fonts, out of 8000000 for 9000
 1348 hyphenation exceptions out of 8191
 13i,1n,8p,97b,119s stack positions out of 5000i,500n,10000p,200000b,80000s
No pages of output.
