\BOOKMARK [0][-]{chapter.1}{通信网结构}{}% 1
\BOOKMARK [1][-]{section.1.1}{图论基础}{chapter.1}% 2
\BOOKMARK [2][-]{subsection.1.1.1}{一笔画问题}{section.1.1}% 3
\BOOKMARK [2][-]{subsection.1.1.2}{图的基础知识}{section.1.1}% 4
\BOOKMARK [1][-]{section.1.2}{树}{chapter.1}% 5
\BOOKMARK [2][-]{subsection.1.2.1}{基本性质}{section.1.2}% 6
\BOOKMARK [2][-]{subsection.1.2.2}{树的一些概念}{section.1.2}% 7
\BOOKMARK [2][-]{subsection.1.2.3}{主树}{section.1.2}% 8
\BOOKMARK [2][-]{subsection.1.2.4}{树枝与连枝}{section.1.2}% 9
\BOOKMARK [2][-]{subsection.1.2.5}{图G的阶及其空度 }{section.1.2}% 10
\BOOKMARK [1][-]{section.1.3}{割和环}{chapter.1}% 11
\BOOKMARK [2][-]{subsection.1.3.1}{割}{section.1.3}% 12
\BOOKMARK [2][-]{subsection.1.3.2}{联结度、结合度、连通度}{section.1.3}% 13
\BOOKMARK [2][-]{subsection.1.3.3}{基本割集}{section.1.3}% 14
\BOOKMARK [2][-]{subsection.1.3.4}{基本环和所有环的方法}{section.1.3}% 15
\BOOKMARK [1][-]{section.1.4}{平面性和对偶性}{chapter.1}% 16
\BOOKMARK [2][-]{subsection.1.4.1}{平面型}{section.1.4}% 17
\BOOKMARK [2][-]{subsection.1.4.2}{对偶性}{section.1.4}% 18
\BOOKMARK [1][-]{section.1.5}{图阵}{chapter.1}% 19
\BOOKMARK [2][-]{subsection.1.5.1}{关联阵}{section.1.5}% 20
\BOOKMARK [2][-]{subsection.1.5.2}{割阵}{section.1.5}% 21
\BOOKMARK [2][-]{subsection.1.5.3}{邻接阵}{section.1.5}% 22
\BOOKMARK [1][-]{section.1.6}{最短径问题}{chapter.1}% 23
\BOOKMARK [2][-]{subsection.1.6.1}{最短主树}{section.1.6}% 24
\BOOKMARK [2][-]{subsection.1.6.2}{端间的最短径}{section.1.6}% 25
\BOOKMARK [2][-]{subsection.1.6.3}{次短径和可用径 }{section.1.6}% 26
\BOOKMARK [2][-]{subsection.1.6.4}{限制条件下的可用径}{section.1.6}% 27
\BOOKMARK [1][-]{section.1.7}{网的中心和中点}{chapter.1}% 28
\BOOKMARK [2][-]{subsection.1.7.1}{网中心}{section.1.7}% 29
\BOOKMARK [2][-]{subsection.1.7.2}{网中点}{section.1.7}% 30
\BOOKMARK [1][-]{section.1.8}{站址问题}{chapter.1}% 31
\BOOKMARK [2][-]{subsection.1.8.1}{单中点问题 }{section.1.8}% 32
\BOOKMARK [2][-]{subsection.1.8.2}{k中点问题}{section.1.8}% 33
\BOOKMARK [2][-]{subsection.1.8.3}{设站问题}{section.1.8}% 34
