\BOOKMARK [1][-]{section.1}{暴力法}{}% 1
\BOOKMARK [2][-]{subsection.1.1}{枚举法：年龄问题}{section.1}% 2
\BOOKMARK [2][-]{subsection.1.2}{水仙花数}{section.1}% 3
\BOOKMARK [1][-]{section.2}{递归解法}{}% 4
\BOOKMARK [2][-]{subsection.2.1}{类型一：求解最终数量}{section.2}% 5
\BOOKMARK [3][-]{subsubsection.2.1.1}{观光台售票问题}{subsection.2.1}% 6
\BOOKMARK [3][-]{subsubsection.2.1.2}{甲虫出站问题}{subsection.2.1}% 7
\BOOKMARK [2][-]{subsection.2.2}{类型二：最终结果型}{section.2}% 8
\BOOKMARK [3][-]{subsubsection.2.2.1}{求解全排列}{subsection.2.2}% 9
\BOOKMARK [3][-]{subsubsection.2.2.2}{具有重复字母的排列问题}{subsection.2.2}% 10
\BOOKMARK [3][-]{subsubsection.2.2.3}{裁剪纸问题}{subsection.2.2}% 11
\BOOKMARK [1][-]{section.3}{算法中的数学问题}{}% 12
\BOOKMARK [2][-]{subsection.3.1}{进制的巧妙使用}{section.3}% 13
\BOOKMARK [3][-]{subsubsection.3.1.1}{捐赠问题}{subsection.3.1}% 14
\BOOKMARK [3][-]{subsubsection.3.1.2}{天平称重问题-改造的3进制问题}{subsection.3.1}% 15
\BOOKMARK [2][-]{subsection.3.2}{最小最大公约数}{section.3}% 16
\BOOKMARK [2][-]{subsection.3.3}{无误差有理数计算}{section.3}% 17
\BOOKMARK [2][-]{subsection.3.4}{筛选法求解素数}{section.3}% 18
\BOOKMARK [2][-]{subsection.3.5}{不定方程的求解}{section.3}% 19
\BOOKMARK [1][-]{section.4}{博弈论}{}% 20
\BOOKMARK [2][-]{subsection.4.1}{暴力解法}{section.4}% 21
\BOOKMARK [3][-]{subsubsection.4.1.1}{伪代码如下:}{subsection.4.1}% 22
\BOOKMARK [3][-]{subsubsection.4.1.2}{取球问题}{subsection.4.1}% 23
\BOOKMARK [3][-]{subsubsection.4.1.3}{尼姆堆}{subsection.4.1}% 24
\BOOKMARK [1][-]{section.5}{随机算法}{}% 25
\BOOKMARK [2][-]{subsection.5.1}{蒙特卡洛算法}{section.5}% 26
\BOOKMARK [2][-]{subsection.5.2}{模拟退火}{section.5}% 27
\BOOKMARK [3][-]{subsubsection.5.2.1}{伪代码}{subsection.5.2}% 28
\BOOKMARK [3][-]{subsubsection.5.2.2}{求解sinx在\(-,\)之间的最小值}{subsection.5.2}% 29
\BOOKMARK [1][-]{section.6}{动态规划}{}% 30
\BOOKMARK [1][-]{section.7}{其他技巧}{}% 31
\BOOKMARK [2][-]{subsection.7.1}{树}{section.7}% 32
\BOOKMARK [3][-]{subsubsection.7.1.1}{二叉树}{subsection.7.1}% 33
\BOOKMARK [3][-]{subsubsection.7.1.2}{哈弗曼编码树}{subsection.7.1}% 34
\BOOKMARK [3][-]{subsubsection.7.1.3}{线段树}{subsection.7.1}% 35
\BOOKMARK [3][-]{subsubsection.7.1.4}{树dp}{subsection.7.1}% 36
\BOOKMARK [2][-]{subsection.7.2}{正则表达式}{section.7}% 37
\BOOKMARK [3][-]{subsubsection.7.2.1}{关键词}{subsection.7.2}% 38
\BOOKMARK [3][-]{subsubsection.7.2.2}{去叠词}{subsection.7.2}% 39
